<?xml version="1.0" encoding="UTF-8"?>
<!-- Generated by org.testng.reporters.JUnitXMLReporter -->
<testsuite hostname="BLRL82099" ignored="0" name="Default test" tests="3" failures="0" timestamp="29 May 2021 08:22:09 GMT" time="29.546" errors="0">
  <testcase name="LoginScenario" time="4.017" classname="Assessment.ValueLabs.TestScripts.MobileScenarios"/>
  <testcase name="SelectItemAndRemove" time="4.14" classname="Assessment.ValueLabs.TestScripts.MobileScenarios"/>
  <testcase name="SelectTheProductandCompleteCheckout" time="10.365" classname="Assessment.ValueLabs.TestScripts.MobileScenarios"/>
</testsuite> <!-- Default test -->
