<?xml version="1.0" encoding="UTF-8"?>
<!-- Generated by org.testng.reporters.JUnitXMLReporter -->
<testsuite hostname="BLRL82099" ignored="0" name="Test" tests="3" failures="0" timestamp="29 May 2021 08:25:41 GMT" time="29.908" errors="0">
  <testcase name="LoginScenario" time="3.889" classname="Assessment.ValueLabs.TestScripts.MobileScenarios"/>
  <testcase name="SelectItemAndRemove" time="3.905" classname="Assessment.ValueLabs.TestScripts.MobileScenarios"/>
  <testcase name="SelectTheProductandCompleteCheckout" time="10.779" classname="Assessment.ValueLabs.TestScripts.MobileScenarios"/>
</testsuite> <!-- Test -->
